2026-01-29T11:43:31.995+09:00 DEBUG 59604 --- [http-nio-8080-exec-1] c.i.b.m.E.selectApprovalLines            : ==>  Preparing: SELECT al.*, u.korean_name AS approverName, uc.position AS approverPosition FROM approval_line_tb al JOIN user_tb u ON al.approver_id = u.user_id JOIN user_company_tb uc ON al.approver_id = uc.user_id AND al.company_id = uc.company_id WHERE al.expense_report_id = ? AND al.company_id = ? ORDER BY al.step_order ASC
2026-01-29T11:43:32.005+09:00 DEBUG 59604 --- [http-nio-8080-exec-1] c.i.b.m.E.selectApprovalLines            : ==> Parameters: 75(Long), 3(Long)
2026-01-29T11:43:32.027+09:00 DEBUG 59604 --- [http-nio-8080-exec-1] c.i.b.m.E.selectApprovalLines            : <==      Total: 1
2026-01-29T11:43:32.031+09:00 DEBUG 59604 --- [http-nio-8080-exec-1] org.mybatis.spring.SqlSessionUtils       : Closing non transactional SqlSession [org.apache.ibatis.session.defaults.DefaultSqlSession@7432f21]
2026-01-29T11:43:32.042+09:00 DEBUG 59604 --- [http-nio-8080-exec-1] org.mybatis.spring.SqlSessionUtils       : Creating a new SqlSession
2026-01-29T11:43:32.044+09:00 DEBUG 59604 --- [http-nio-8080-exec-1] org.mybatis.spring.SqlSessionUtils       : SqlSession [org.apache.ibatis.session.defaults.DefaultSqlSession@4bd580cb] was not registered for synchronization because synchronization is not active
2026-01-29T11:43:32.045+09:00 DEBUG 59604 --- [http-nio-8080-exec-1] o.m.s.t.SpringManagedTransaction         : JDBC Connection [HikariProxyConnection@1075928351 wrapping com.mysql.cj.jdbc.ConnectionImpl@12180278] will not be managed by Spring
2026-01-29T11:43:32.046+09:00 DEBUG 59604 --- [http-nio-8080-exec-1] .i.b.m.E.selectReceiptsByExpenseReportId : ==>  Preparing: SELECT r.*, u.korean_name AS uploadedByName FROM receipt_tb r JOIN user_tb u ON r.uploaded_by = u.user_id WHERE r.expense_report_id = ? AND r.company_id = ? ORDER BY r.uploaded_at DESC
2026-01-29T11:43:32.046+09:00 DEBUG 59604 --- [http-nio-8080-exec-1] .i.b.m.E.selectReceiptsByExpenseReportId : ==> Parameters: 75(Long), 3(Long)
2026-01-29T11:43:32.048+09:00 DEBUG 59604 --- [http-nio-8080-exec-1] .i.b.m.E.selectReceiptsByExpenseReportId : <==      Total: 1
2026-01-29T11:43:32.049+09:00 DEBUG 59604 --- [http-nio-8080-exec-1] org.mybatis.spring.SqlSessionUtils       : Closing non transactional SqlSession [org.apache.ibatis.session.defaults.DefaultSqlSession@4bd580cb]
2026-01-29T11:43:32.050+09:00 DEBUG 59604 --- [http-nio-8080-exec-1] org.mybatis.spring.SqlSessionUtils       : Creating a new SqlSession
2026-01-29T11:43:32.050+09:00 DEBUG 59604 --- [http-nio-8080-exec-1] org.mybatis.spring.SqlSessionUtils       : SqlSession [org.apache.ibatis.session.defaults.DefaultSqlSession@30c31e1e] was not registered for synchronization because synchronization is not active
2026-01-29T11:43:32.050+09:00 DEBUG 59604 --- [http-nio-8080-exec-1] o.m.s.t.SpringManagedTransaction         : JDBC Connection [HikariProxyConnection@1467421461 wrapping com.mysql.cj.jdbc.ConnectionImpl@12180278] will not be managed by Spring
2026-01-29T11:43:32.051+09:00 DEBUG 59604 --- [http-nio-8080-exec-1] c.i.b.mapper.UserMapper.selectUserById   : ==>  Preparing: SELECT * FROM user_tb WHERE user_id = ?
2026-01-29T11:43:32.051+09:00 DEBUG 59604 --- [http-nio-8080-exec-1] c.i.b.mapper.UserMapper.selectUserById   : ==> Parameters: 6(Long)
2026-01-29T11:43:32.054+09:00 DEBUG 59604 --- [http-nio-8080-exec-1] c.i.b.mapper.UserMapper.selectUserById   : <==      Total: 1
2026-01-29T11:43:32.055+09:00 DEBUG 59604 --- [http-nio-8080-exec-1] org.mybatis.spring.SqlSessionUtils       : Closing non transactional SqlSession [org.apache.ibatis.session.defaults.DefaultSqlSession@30c31e1e]
2026-01-29T11:43:32.056+09:00 DEBUG 59604 --- [http-nio-8080-exec-1] m.m.a.RequestResponseBodyMethodProcessor : Using 'application/json', given [application/json, text/plain, */*] and supported [application/json, application/*+json, application/yaml]
2026-01-29T11:43:32.057+09:00 DEBUG 59604 --- [http-nio-8080-exec-1] m.m.a.RequestResponseBodyMethodProcessor : Writing [ApiResponse(success=true, message=상세 조회 성공, data=ExpenseReportDto(expenseReportId=75, drafterId=6, r (truncated)...]
2026-01-29T11:43:32.058+09:00 DEBUG 59604 --- [http-nio-8080-exec-1] o.s.web.servlet.DispatcherServlet        : Completed 200 OK
